{"name": "test_sub1", "status": "failed", "statusDetails": {"message": "AssertionError: assert (3 - 3) == 1", "trace": "@pytest.mark.smoke\n    def test_sub1():\n>       assert 3 - 3 == 1\nE       assert (3 - 3) == 1\n\nsrc\\Oct\\test_lab176.py:22: AssertionError"}, "start": 1730208273115, "stop": 1730208273115, "uuid": "29141b09-cef8-4b41-8e4b-ac03da54ac32", "historyId": "b87d1310d3d307fa2ec28c04529cb6e9", "testCaseId": "b87d1310d3d307fa2ec28c04529cb6e9", "fullName": "src.Oct.test_lab176#test_sub1", "labels": [{"name": "tag", "value": "smoke"}, {"name": "parentSuite", "value": "src.Oct"}, {"name": "suite", "value": "test_lab176"}, {"name": "host", "value": "Prashant"}, {"name": "thread", "value": "22344-MainThread"}, {"name": "framework", "value": "pytest"}, {"name": "language", "value": "cpython3"}, {"name": "package", "value": "src.Oct.test_lab176"}]}